<?xml version="1.0" encoding="UTF-8"?>
<!-- Generated by org.testng.reporters.JUnitReportReporter -->
<testsuite hostname="Ankush" failures="0" tests="1" name="com.inetBanking.testCases.TC_addCustomer_003" time="6.103" errors="0" timestamp="2024-02-21T14:11:38 IST" skipped="0">
  <testcase classname="com.inetBanking.testCases.TC_addCustomer_003" name="addCustomer" time="6.103"/>
</testsuite> <!-- com.inetBanking.testCases.TC_addCustomer_003 -->
