<?xml version="1.0" encoding="UTF-8"?>
<!-- Generated by org.testng.reporters.JUnitReportReporter -->
<testsuite hostname="Ankush" failures="0" tests="1" name="com.inetBanking.testCases.TC006_NewAccountTest" time="11.094" errors="0" timestamp="2024-02-23T13:23:16 IST" skipped="0">
  <testcase classname="com.inetBanking.testCases.TC006_NewAccountTest" name="newAccont" time="11.094"/>
</testsuite> <!-- com.inetBanking.testCases.TC006_NewAccountTest -->
