<?xml version="1.0" encoding="UTF-8"?>
<!-- Generated by org.testng.reporters.JUnitReportReporter -->
<testsuite hostname="Ankush" failures="0" tests="1" name="com.inetBanking.testCases.TC_EditCustomerTest_004" time="23.652" errors="0" timestamp="2024-02-23T10:59:45 IST" skipped="0">
  <testcase classname="com.inetBanking.testCases.TC_EditCustomerTest_004" name="editCustomer" time="23.652"/>
</testsuite> <!-- com.inetBanking.testCases.TC_EditCustomerTest_004 -->
