<?xml version="1.0" encoding="UTF-8"?>
<!-- Generated by org.testng.reporters.JUnitReportReporter -->
<testsuite hostname="Ankush" failures="0" tests="1" name="com.inetBanking.testCases.TC_EditCustomerTest_004" time="25.042" errors="0" timestamp="2024-02-22T23:04:18 IST" skipped="0">
  <testcase classname="com.inetBanking.testCases.TC_EditCustomerTest_004" name="editCustomer" time="25.042"/>
</testsuite> <!-- com.inetBanking.testCases.TC_EditCustomerTest_004 -->
