<?xml version="1.0" encoding="UTF-8"?>
<!-- Generated by org.testng.reporters.JUnitReportReporter -->
<testsuite hostname="Ankush" failures="0" tests="1" name="com.inetBanking.dummy.DummyTest" time="37.326" errors="0" timestamp="2024-02-22T16:02:20 IST" skipped="0">
  <testcase classname="com.inetBanking.dummy.DummyTest" name="testCross" time="37.326"/>
</testsuite> <!-- com.inetBanking.dummy.DummyTest -->
