<?xml version="1.0" encoding="UTF-8"?>
<!-- Generated by org.testng.reporters.JUnitReportReporter -->
<testsuite hostname="Ankush" failures="0" tests="1" name="com.inetBanking.testCases.TC_addCustomer_003" time="14.712" errors="0" timestamp="2024-02-22T16:08:41 IST" skipped="0">
  <testcase classname="com.inetBanking.testCases.TC_addCustomer_003" name="addCustomer" time="14.712"/>
</testsuite> <!-- com.inetBanking.testCases.TC_addCustomer_003 -->
